Classificando para dt com 4 patches
Extraindo patches da imagem /home/willian/basesML/bases_cancer/min_teste/SOB_B_A-14-22549G-200-008.png
Predizendo classe da imagem
Contagem classes patches: [3 1]
Classe: 0
Extraindo patches da imagem /home/willian/basesML/bases_cancer/min_teste/SOB_M_DC-14-15696-200-007.png
Predizendo classe da imagem
Contagem classes patches: [2 2]
Classe: 0
Extraindo patches da imagem /home/willian/basesML/bases_cancer/min_teste/SOB_M_DC-14-5694-200-020.png
Predizendo classe da imagem
Contagem classes patches: [0 4]
Classe: 1
Extraindo patches da imagem /home/willian/basesML/bases_cancer/min_teste/SOB_B_A-14-22549AB-200-001.png
Predizendo classe da imagem
Contagem classes patches: [4]
Classe: 0
Extraindo patches da imagem /home/willian/basesML/bases_cancer/min_teste/SOB_B_A-14-22549CD-200-013.png
Predizendo classe da imagem
Contagem classes patches: [2 2]
Classe: 0
Extraindo patches da imagem /home/willian/basesML/bases_cancer/min_teste/SOB_B_A-14-22549CD-200-018.png
Predizendo classe da imagem
Contagem classes patches: [4]
Classe: 0
Extraindo patches da imagem /home/willian/basesML/bases_cancer/min_teste/SOB_B_A-14-22549AB-200-018.png
Predizendo classe da imagem
Contagem classes patches: [4]
Classe: 0
Extraindo patches da imagem /home/willian/basesML/bases_cancer/min_teste/SOB_M_DC-14-5694-200-013.png
Predizendo classe da imagem
Contagem classes patches: [2 2]
Classe: 0
Extraindo patches da imagem /home/willian/basesML/bases_cancer/min_teste/SOB_B_F-14-23222AB-200-009.png
Predizendo classe da imagem
Contagem classes patches: [4]
Classe: 0
Extraindo patches da imagem /home/willian/basesML/bases_cancer/min_teste/SOB_M_DC-14-18650-200-007.png
Predizendo classe da imagem
Contagem classes patches: [0 4]
Classe: 1
Extraindo patches da imagem /home/willian/basesML/bases_cancer/min_teste/SOB_B_A-14-22549CD-200-016.png
Predizendo classe da imagem
Contagem classes patches: [3 1]
Classe: 0
Classificando para svm com 4 patches
Extraindo patches da imagem /home/willian/basesML/bases_cancer/min_teste/SOB_B_A-14-22549G-200-008.png
Predizendo classe da imagem
Contagem classes patches: [0 4]
Classe: 1
Extraindo patches da imagem /home/willian/basesML/bases_cancer/min_teste/SOB_M_DC-14-15696-200-007.png
Predizendo classe da imagem
Contagem classes patches: [4]
Classe: 0
Extraindo patches da imagem /home/willian/basesML/bases_cancer/min_teste/SOB_M_DC-14-5694-200-020.png
Predizendo classe da imagem
Contagem classes patches: [0 4]
Classe: 1
Extraindo patches da imagem /home/willian/basesML/bases_cancer/min_teste/SOB_B_A-14-22549AB-200-001.png
Predizendo classe da imagem
Contagem classes patches: [4]
Classe: 0
Extraindo patches da imagem /home/willian/basesML/bases_cancer/min_teste/SOB_B_A-14-22549CD-200-013.png
Predizendo classe da imagem
Contagem classes patches: [4]
Classe: 0
Extraindo patches da imagem /home/willian/basesML/bases_cancer/min_teste/SOB_B_A-14-22549CD-200-018.png
Predizendo classe da imagem
Contagem classes patches: [4]
Classe: 0
Extraindo patches da imagem /home/willian/basesML/bases_cancer/min_teste/SOB_B_A-14-22549AB-200-018.png
Predizendo classe da imagem
Contagem classes patches: [4]
Classe: 0
Extraindo patches da imagem /home/willian/basesML/bases_cancer/min_teste/SOB_M_DC-14-5694-200-013.png
Predizendo classe da imagem
Contagem classes patches: [2 2]
Classe: 0
Extraindo patches da imagem /home/willian/basesML/bases_cancer/min_teste/SOB_B_F-14-23222AB-200-009.png
Predizendo classe da imagem
Contagem classes patches: [4]
Classe: 0
Extraindo patches da imagem /home/willian/basesML/bases_cancer/min_teste/SOB_M_DC-14-18650-200-007.png
Predizendo classe da imagem
Contagem classes patches: [0 4]
Classe: 1
Extraindo patches da imagem /home/willian/basesML/bases_cancer/min_teste/SOB_B_A-14-22549CD-200-016.png
Predizendo classe da imagem
Contagem classes patches: [2 2]
Classe: 0
Tempo: 1.430511474609375e-06CLASSIFICACAO para 4 patches

Tamanho: 4 Taxa Reconhecimento: 81.8181818182
Matriz de Confusão: 
[[7 0]
 [2 2]]

Tamanho: 4 Taxa Reconhecimento: 72.7272727273
Matriz de Confusão: 
[[6 1]
 [2 2]]
